build/app/outputs/mapping/release/seeds.txt
com.example.smartx_flutter_app.MainActivity
com.example.smartx_flutter_app.MainActivity: MainActivity()
...
com.google.android.gms.internal.firebase-auth-api.zzabm: void zzq(com.google.android.gms.internal.firebase-auth-api.zzadr)
com.google.firestore.v1.WriteRequest: WriteRequest()
androidx.window.layout.DisplayCompatHelperApi28: DisplayCompatHelperApi28()
com.google.android.gms.internal.firebase-auth-api.zzacm: void zzk()
androidx.lifecycle.MutableLiveData: MutableLiveData()
com.google.android.gms.internal.base.zac: void zac(android.os.Parcel,android.os.Parcelable)
com.google.android.recaptcha.internal.zzmu: boolean zzL()
com.zhj.bluetooth.zhjbluetoothsdk.ble.bluetooth.OnLeReadRssiListener: OnLeReadRssiListener()
com.google.protobuf.RopeByteString: void readObject(java.io.ObjectInputStream)
com.google.firestore.v1.TransactionOptions$ReadOnly: TransactionOptions$ReadOnly()
com.google.gson.stream.JsonToken: com.google.gson.stream.JsonToken[] values()
com.google.firestore.v1.ListenResponse$ResponseTypeCase: com.google.firestore.v1.ListenResponse$ResponseTypeCase valueOf(java.lang.String)
com.google.android.recaptcha.internal.zzlp: zzlp()
com.google.android.recaptcha.internal.zzik: void zzv(java.util.List)
com.google.android.gms.internal.firebase-auth-api.zzagb: int zzh()
androidx.window.embedding.ActivityStack: java.lang.String toString()
com.google.android.gms.internal.firebase-auth-api.zzps: zzps()
com.google.android.gms.internal.firebase-auth-api.zzahu: long zze(int)
com.google.android.gms.internal.firebase-auth-api.zzld: com.google.android.gms.internal.firebase-auth-api.zzlw zza(com.google.android.gms.internal.firebase-auth-api.zzce)
com.google.android.gms.internal.firebase-auth-api.zzgp: com.google.android.gms.internal.firebase-auth-api.zzsw zzb()
com.google.android.gms.internal.firebase-auth-api.zzahm: java.lang.Object remove(int)
androidx.window.embedding.SplitPairFilter: SplitPairFilter(android.content.ComponentName,android.content.ComponentName,java.lang.String)
com.google.android.gms.common.server.response.FastJsonResponse: void addConcreteTypeArrayInternal(com.google.android.gms.common.server.response.FastJsonResponse$Field,java.lang.String,java.util.ArrayList)
com.google.android.gms.internal.firebase-auth-api.zzahu: zzahu(long[],int,boolean)
kotlin.jvm.internal.CallableReference: kotlin.reflect.KCallable computeReflected()
androidx.window.embedding.EmbeddingTranslatingCallback: void accept(java.util.List)
com.google.android.gms.internal.fido.zzaq: boolean addAll(java.util.Collection)
androidx.appcompat.widget.ActionBarOverlayLayout: void setActionBarHideOffset(int)
com.google.android.gms.internal.fido.zzo: zzo()
com.google.android.gms.internal.firebase-auth-api.zzap: com.google.android.gms.internal.firebase-auth-api.zzaq zzd()
com.google.android.gms.internal.firebase-auth-api.zzqk: com.google.android.gms.internal.firebase-auth-api.zzqk zzb(int)
androidx.cardview.widget.CardView: void setUseCompatPadding(boolean)
androidx.appcompat.widget.SearchView: java.lang.CharSequence getQueryHint()
com.google.android.gms.internal.firebase-auth-api.zzajj: void zze(com.google.android.gms.internal.firebase-auth-api.zzajj,long)
androidx.core.app.NotificationCompatBuilder$Api23Impl: android.app.Notification$Action$Builder createBuilder(android.graphics.drawable.Icon,java.lang.CharSequence,android.app.PendingIntent)
com.google.android.gms.internal.firebase-auth-api.zzafz: java.util.List zzI(int)
com.google.android.gms.internal.firebase-auth-api.zzajl: void zzk(java.lang.Object,int,com.google.android.gms.internal.firebase-auth-api.zzafv)
com.google.android.recaptcha.internal.zzku: com.google.android.recaptcha.internal.zzku zzd(com.google.android.recaptcha.internal.zzkg)
com.google.android.recaptcha.internal.zzbt: zzbt()
com.google.android.gms.internal.firebase-auth-api.zzzj: void zzc(com.google.android.gms.tasks.TaskCompletionSource,com.google.android.gms.internal.firebase-auth-api.zzaao)
com.google.android.gms.internal.auth.zzhi: java.lang.Object zzf(java.lang.Object,long)
com.zhj.bluetooth.zhjbluetoothsdk.bean.BLEDevice: BLEDevice()