build/app/outputs/mapping/release/mapping.txt
# compiler: R8
# compiler_version: 4.0.52
# min_api: 21
# common_typos_disable
# {"id":"com.android.tools.r8.mapping","version":"2.1"}
# pg_map_id: 379d01a
# pg_map_hash: SHA-256 379d01afe1ef6451effe479561c4000e2498af01d7eeabc91fee50a507cade1c
com.example.smartx_flutter_app.MainActivity -> com.example.smartx_flutter_app.MainActivity:
    com.example.smartx_flutter_app.PermissionUtil permissionUtil -> e
    void requestPermissionsFail(int) -> A
    void $r8$lambda$0rpRcELoNY9FHhVJ-Gm9HCnsj9k(com.example.smartx_flutter_app.MainActivity,io.flutter.plugin.common.MethodCall,io.flutter.plugin.common.MethodChannel$Result) -> T
      # {"id":"com.android.tools.r8.synthesized"}
    int getBatteryLevel() -> U
    void lambda$configureFlutterEngine$0(io.flutter.plugin.common.MethodCall,io.flutter.plugin.common.MethodChannel$Result) -> V
    void configureFlutterEngine(io.flutter.embedding.engine.FlutterEngine) -> p
    void requestPermissionsSuccess(int) -> q
com.example.smartx_flutter_app.MainActivity$$ExternalSyntheticLambda0 -> o0.a:
# {"id":"sourceFile","fileName":"R8$$SyntheticClass"}
# {"id":"com.android.tools.r8.synthesized"}
    com.example.smartx_flutter_app.MainActivity com.example.smartx_flutter_app.MainActivity$$InternalSyntheticLambda$1$5330e402ad9969e100a847f0b6f0c6240afa4583984b87efdc85b90f0b802ceb$0.f$0 -> a
    void com.example.smartx_flutter_app.MainActivity$$InternalSyntheticLambda$1$5330e402ad9969e100a847f0b6f0c6240afa4583984b87efdc85b90f0b802ceb$0.<init>(com.example.smartx_flutter_app.MainActivity) -> <init>
      # {"id":"com.android.tools.r8.synthesized"}
    void com.example.smartx_flutter_app.MainActivity$$InternalSyntheticLambda$1$5330e402ad9969e100a847f0b6f0c6240afa4583984b87efdc85b90f0b802ceb$0.onMethodCall(io.flutter.plugin.common.MethodCall,io.flutter.plugin.common.MethodChannel$Result) -> onMethodCall
      # {"id":"com.android.tools.r8.synthesized"}
com.example.smartx_flutter_app.MainActivity$1 -> com.example.smartx_flutter_app.MainActivity$a:
    com.example.smartx_flutter_app.MainActivity this$0 -> a
    void complete(int,java.lang.Object) -> a
    void setSuccess() -> c
com.example.smartx_flutter_app.PermissionUtil -> com.example.smartx_flutter_app.a:
    com.example.smartx_flutter_app.PermissionUtil$RequsetResult requsetResult -> a
    void onRequestPermissionsResult(int,java.lang.String[],int[]) -> a
    void setRequsetResult(com.example.smartx_flutter_app.PermissionUtil$RequsetResult) -> b
com.example.smartx_flutter_app.PermissionUtil$RequsetResult -> com.example.smartx_flutter_app.a$a:
    void requestPermissionsFail(int) -> A
    void requestPermissionsSuccess(int) -> q
...
com.google.android.gms.maps.internal.IMapViewDelegate -> h3.c:
    void getMapAsync(com.google.android.gms.maps.internal.zzas) -> G
    void onSaveInstanceState(android.os.Bundle) -> a
    void onResume() -> b
    void onStart() -> d
    void onDestroy() -> m
    void onStop() -> r
    com.google.android.gms.dynamic.IObjectWrapper getView() -> u
    void onCreate(android.os.Bundle) -> x
com.google.android.gms.maps.internal.IProjectionDelegate -> h3.d:
    com.google.android.gms.maps.model.LatLng fromScreenLocation(com.google.android.gms.dynamic.IObjectWrapper) -> U
    com.google.android.gms.dynamic.IObjectWrapper toScreenLocation(com.google.android.gms.maps.model.LatLng) -> b0
    com.google.android.gms.maps.model.VisibleRegion getVisibleRegion() -> l0
com.google.android.gms.maps.internal.IUiSettingsDelegate -> h3.e:
    boolean isMapToolbarEnabled() -> D0
    boolean isRotateGesturesEnabled() -> M
    boolean isTiltGesturesEnabled() -> W
    boolean isZoomGesturesEnabled() -> X
    void setMyLocationButtonEnabled(boolean) -> g
    boolean isScrollGesturesEnabled() -> g1
    void setCompassEnabled(boolean) -> h
    void setTiltGesturesEnabled(boolean) -> i
    void setZoomGesturesEnabled(boolean) -> j
    boolean isCompassEnabled() -> j0
    void setZoomControlsEnabled(boolean) -> k
    boolean isMyLocationButtonEnabled() -> k0
    void setRotateGesturesEnabled(boolean) -> n
    void setMapToolbarEnabled(boolean) -> p
    void setScrollGesturesEnabled(boolean) -> t
    boolean isZoomControlsEnabled() -> v1
com.google.android.gms.maps.internal.zza -> h3.f:
    byte zza(java.lang.Boolean) -> a
    java.lang.Boolean zzb(byte) -> b
com.google.android.gms.maps.internal.zzac -> h3.g:
com.google.android.gms.maps.internal.zzad -> h3.h:
    void zzb(com.google.android.gms.internal.maps.zzaa) -> c
com.google.android.gms.maps.internal.zzal -> h3.i:
com.google.android.gms.maps.internal.zzam -> h3.j:
    void zzb(com.google.android.gms.maps.model.LatLng) -> s
com.google.android.gms.maps.internal.zzan -> h3.k:
com.google.android.gms.maps.internal.zzao -> h3.l:
com.google.android.gms.maps.internal.zzap -> h3.m:
com.google.android.gms.maps.internal.zzaq -> h3.n:
    void zzb(com.google.android.gms.maps.model.LatLng) -> s
com.google.android.gms.maps.internal.zzar -> h3.o:
com.google.android.gms.maps.internal.zzas -> h3.p:
    void zzb(com.google.android.gms.maps.internal.IGoogleMapDelegate) -> J
com.google.android.gms.maps.internal.zzat -> h3.q:
com.google.android.gms.maps.internal.zzau -> h3.r:
    boolean zzb(com.google.android.gms.internal.maps.zzaa) -> c
com.google.android.gms.maps.internal.zzav -> h3.s:
com.google.android.gms.maps.internal.zzaw -> h3.t:
    void zzd(com.google.android.gms.internal.maps.zzaa) -> B
    void zzc(com.google.android.gms.internal.maps.zzaa) -> L
    void zzb(com.google.android.gms.internal.maps.zzaa) -> c
com.google.android.gms.maps.internal.zzb -> h3.u:
    com.google.android.gms.dynamic.IObjectWrapper newLatLngBounds(com.google.android.gms.maps.model.LatLngBounds,int) -> A
    com.google.android.gms.dynamic.IObjectWrapper zoomBy(float) -> D
    com.google.android.gms.dynamic.IObjectWrapper newCameraPosition(com.google.android.gms.maps.model.CameraPosition) -> O0
    com.google.android.gms.dynamic.IObjectWrapper zoomOut() -> X0
    com.google.android.gms.dynamic.IObjectWrapper newLatLng(com.google.android.gms.maps.model.LatLng) -> Y
    com.google.android.gms.dynamic.IObjectWrapper zoomTo(float) -> h1
    com.google.android.gms.dynamic.IObjectWrapper zoomIn() -> i0
    com.google.android.gms.dynamic.IObjectWrapper newLatLngZoom(com.google.android.gms.maps.model.LatLng,float) -> o1
    com.google.android.gms.dynamic.IObjectWrapper scrollBy(float,float) -> p1
    com.google.android.gms.dynamic.IObjectWrapper zoomByWithFocus(float,int,int) -> x0
com.google.android.gms.maps.internal.zzbf -> h3.v:
com.google.android.gms.maps.internal.zzbg -> h3.w:
    void zzb(com.google.android.gms.internal.maps.zzad) -> t0