build/app/outputs/mapping/release/usage.txt
com.example.smartx_flutter_app.BuildConfig
com.example.smartx_flutter_app.MainActivity:
    private static final java.lang.String CHANNEL
    public varargs boolean checkSelfPermission(java.lang.String[])
    public varargs void requestPermissions(int,java.lang.String[])
com.example.smartx_flutter_app.MyAppcation
com.example.smartx_flutter_app.PermissionUtil:
    public static varargs boolean checkSelfPermission(java.lang.String[])
    public static varargs java.util.List findDeniedPermissions(java.lang.String[])
    public static boolean isGrantedDrawOverlays()
    private static boolean isIntentAvailable(android.content.Intent)
    public static boolean isOverMarshmallow()
    public static void launchAppDetailsSettings()
    public static varargs void requestPermissions(java.lang.Object,int,java.lang.String[])
    private static void startWriteSettingsActivity(android.app.Activity,int)
com.example.smartx_flutter_app.R$anim
com.example.smartx_flutter_app.R$animator
com.example.smartx_flutter_app.R$attr
com.example.smartx_flutter_app.R$bool
com.example.smartx_flutter_app.R$color
com.example.smartx_flutter_app.R$dimen
com.example.smartx_flutter_app.R$drawable
com.example.smartx_flutter_app.R$id
com.example.smartx_flutter_app.R$integer
com.example.smartx_flutter_app.R$interpolator
com.example.smartx_flutter_app.R$layout
com.example.smartx_flutter_app.R$mipmap
com.example.smartx_flutter_app.R$raw
com.example.smartx_flutter_app.R$string
com.example.smartx_flutter_app.R$style
com.example.smartx_flutter_app.R$styleable
com.example.smartx_flutter_app.R$xml
com.example.smartx_flutter_app.R
...
io.grpc.stub.MetadataUtils$MetadataCapturingClientInterceptor
io.grpc.stub.MetadataUtils
io.grpc.stub.ServerCallStreamObserver
io.grpc.stub.ServerCalls$BidiStreamingMethod
io.grpc.stub.ServerCalls$ClientStreamingMethod
io.grpc.stub.ServerCalls$NoopStreamObserver
io.grpc.stub.ServerCalls$ServerCallStreamObserverImpl
io.grpc.stub.ServerCalls$ServerStreamingMethod
io.grpc.stub.ServerCalls$StreamingRequestMethod
io.grpc.stub.ServerCalls$StreamingServerCallHandler$StreamingServerCallListener
io.grpc.stub.ServerCalls$StreamingServerCallHandler
io.grpc.stub.ServerCalls$UnaryMethod
io.grpc.stub.ServerCalls$UnaryRequestMethod
io.grpc.stub.ServerCalls$UnaryServerCallHandler$UnaryServerCallListener
io.grpc.stub.ServerCalls$UnaryServerCallHandler
io.grpc.stub.ServerCalls
io.grpc.stub.StreamObserver
io.grpc.stub.StreamObservers$1FlowControllingOnReadyHandler
io.grpc.stub.StreamObservers
io.grpc.stub.annotations.GrpcGenerated
io.grpc.stub.annotations.RpcMethod
io.grpc.util.AdvancedTlsX509KeyManager$1
io.grpc.util.AdvancedTlsX509KeyManager$Closeable
io.grpc.util.AdvancedTlsX509KeyManager$KeyInfo
io.grpc.util.AdvancedTlsX509KeyManager$LoadFilePathExecution
io.grpc.util.AdvancedTlsX509KeyManager$UpdateResult
io.grpc.util.AdvancedTlsX509KeyManager
io.grpc.util.AdvancedTlsX509TrustManager$1
io.grpc.util.AdvancedTlsX509TrustManager$Builder
io.grpc.util.AdvancedTlsX509TrustManager$Closeable
io.grpc.util.AdvancedTlsX509TrustManager$LoadFilePathExecution
io.grpc.util.AdvancedTlsX509TrustManager$SslSocketAndEnginePeerVerifier
io.grpc.util.AdvancedTlsX509TrustManager$Verification
io.grpc.util.AdvancedTlsX509TrustManager
io.grpc.util.CertificateUtils
io.grpc.util.ForwardingClientStreamTracer
io.grpc.util.ForwardingLoadBalancer:
    public void handleSubchannelState(io.grpc.LoadBalancer$Subchannel,io.grpc.ConnectivityStateInfo)
    public void shutdown()
io.grpc.util.ForwardingLoadBalancerHelper:
    public io.grpc.ManagedChannel createOobChannel(io.grpc.EquivalentAddressGroup,java.lang.String)
    public io.grpc.ManagedChannel createOobChannel(java.util.List,java.lang.String)
    public io.grpc.ManagedChannel createResolvingOobChannel(java.lang.String)
    public io.grpc.ManagedChannelBuilder createResolvingOobChannelBuilder(java.lang.String)
    public io.grpc.ManagedChannelBuilder createResolvingOobChannelBuilder(java.lang.String,io.grpc.ChannelCredentials)
    public java.lang.String getAuthority()
    public io.grpc.ChannelCredentials getChannelCredentials()
    public io.grpc.NameResolver$Args getNameResolverArgs()
    public io.grpc.NameResolverRegistry getNameResolverRegistry()
    public io.grpc.ChannelCredentials getUnsafeChannelCredentials()
    public void ignoreRefreshNameResolutionCheck()
    public void updateBalancingState(io.grpc.ConnectivityState,io.grpc.LoadBalancer$SubchannelPicker)
    public void updateOobChannelAddresses(io.grpc.ManagedChannel,io.grpc.EquivalentAddressGroup)
    public void updateOobChannelAddresses(io.grpc.ManagedChannel,java.util.List)
io.grpc.util.ForwardingSubchannel:
    public io.grpc.Channel asChannel()
    public io.grpc.Attributes getAttributes()
    public io.grpc.ChannelLogger getChannelLogger()
    public void updateAddresses(java.util.List)
io.grpc.util.GracefulSwitchLoadBalancer:
    public void handleSubchannelState(io.grpc.LoadBalancer$Subchannel,io.grpc.ConnectivityStateInfo)
io.grpc.util.MutableHandlerRegistry
io.grpc.util.OutlierDetectionLoadBalancer$AddressTracker:
    long activeVolume()
    boolean containsSubchannel(io.grpc.util.OutlierDetectionLoadBalancer$OutlierDetectionSubchannel)
    java.util.Set getSubchannels()
io.grpc.util.RoundRobinLoadBalancer$ReadyPicker:
    java.util.List getList()
io.grpc.util.SecretRoundRobinLoadBalancerProvider$Provider:
    private static final java.lang.String NO_CONFIG
io.grpc.util.SecretRoundRobinLoadBalancerProvider
io.grpc.util.TransmitStatusRuntimeExceptionInterceptor$1
io.grpc.util.TransmitStatusRuntimeExceptionInterceptor$SerializingServerCall$10